                                   MODFLOW 6
                U.S. GEOLOGICAL SURVEY MODULAR HYDROLOGIC MODEL
                          GROUNDWATER FLOW MODEL (GWF)
                            VERSION 6.3.0 03/04/2022

   MODFLOW 6 compiled Mar 02 2022 15:29:04 with Intel(R) Fortran Intel(R) 64
   Compiler Classic for applications running on Intel(R) 64, Version 2021.5.0
                             Build 20211109_000000

This software has been approved for release by the U.S. Geological 
Survey (USGS). Although the software has been subjected to rigorous 
review, the USGS reserves the right to update the software as needed 
pursuant to further analysis and review. No warranty, expressed or 
implied, is made by the USGS or the U.S. Government as to the 
functionality of the software and related material nor shall the 
fact of release constitute any such warranty. Furthermore, the 
software is released on condition that neither the USGS nor the U.S. 
Government shall be held liable for any damages resulting from its 
authorized or unauthorized use. Also refer to the USGS Water 
Resources Software User Rights Notice for complete use, copyright, 
and distribution information.


As a work of the United States Government, this USGS product is 
in the public domain within the United States. You can copy, 
modify, distribute, and perform the work, even for commercial 
purposes, all without asking permission. Additionally, USGS 
waives copyright and related rights in the work worldwide 
through CC0 1.0 Universal Public Domain Dedication 
(https://creativecommons.org/publicdomain/zero/1.0/).

The following GNU Lesser General Public License (LGPL) libraries
are used in this USGS product:

    SPARSKIT version 2.0
      ilut, luson, and qsplit 
      (https://www-users.cse.umn.edu/~saad/software/SPARSKIT/)

    RCM - Reverse Cuthill McKee Ordering
      (https://people.math.sc.edu/Burkardt/f_src/rcm/rcm.html)

    BLAS - Basic Linear Algebra Subprograms Level 1
      (https://people.math.sc.edu/Burkardt/f_src/blas1_d/blas1_d.html)

    SPARSEKIT - Sparse Matrix Utility Package
      amux, dperm, dvperm, rperm, and cperm
      (https://people.sc.fsu.edu/~jburkardt/f77_src/sparsekit/sparsekit.html)

The following BSD-3 License libraries are used in this USGS product:

    Modern Fortran DAG Library
      Copyright (c) 2018, Jacob Williams
      All rights reserved.
      (https://github.com/jacobwilliams/daglib)

MODFLOW 6 compiler options: /Isrc\libmf6core.a.p /Isrc /I..\src
/Isrc\libmf6_external.a.p /MTd /nologo /warn:general /warn:truncated_source
/stand:f08 /Zi /traceback /O2 /Zi /fpe:0 /fpp /Qdiag-disable:7416
/Qdiag-disable:7025 /Qdiag-disable:5268
/Fdsrc\libmf6core.a.p\Utilities_compilerversion.F90.pdb
/module:src\libmf6core.a.p
/Fosrc/libmf6core.a.p/Utilities_compilerversion.F90.obj /c

System command used to initiate simulation:
../../exe/mf6.exe

MODFLOW was compiled using uniform precision.

Real Variables
  KIND: 8
  TINY (smallest non-zero value):    2.225074-308
  HUGE (largest value):    1.797693+308
  PRECISION: 15
  BIT SIZE: 64

Integer Variables
  KIND: 4
  HUGE (largest value): 2147483647
  BIT SIZE: 32

Long Integer Variables
  KIND: 8
  HUGE (largest value): 9223372036854775807
  BIT SIZE: 64

Logical Variables
  KIND: 4
  BIT SIZE: 32
 

 OPENED .\regional_model.disv
 FILE TYPE:DISV6                  UNIT 1005   STATUS:OLD                 
 FORMAT:FORMATTED              ACCESS:SEQUENTIAL          
 ACTION:READ                


 OPENED .\regional_model.ic
 FILE TYPE:IC6                    UNIT 1006   STATUS:OLD                 
 FORMAT:FORMATTED              ACCESS:SEQUENTIAL          
 ACTION:READ                


 OPENED .\regional_model.npf
 FILE TYPE:NPF6                   UNIT 1007   STATUS:OLD                 
 FORMAT:FORMATTED              ACCESS:SEQUENTIAL          
 ACTION:READ                


 OPENED .\regional_model.rcha
 FILE TYPE:RCH6                   UNIT 1008   STATUS:OLD                 
 FORMAT:FORMATTED              ACCESS:SEQUENTIAL          
 ACTION:READ                


 OPENED .\regional_model.evta
 FILE TYPE:EVT6                   UNIT 1009   STATUS:OLD                 
 FORMAT:FORMATTED              ACCESS:SEQUENTIAL          
 ACTION:READ                


 OPENED .\regional_model.drn
 FILE TYPE:DRN6                   UNIT 1010   STATUS:OLD                 
 FORMAT:FORMATTED              ACCESS:SEQUENTIAL          
 ACTION:READ                


 OPENED .\regional_model.oc
 FILE TYPE:OC6                    UNIT 1011   STATUS:OLD                 
 FORMAT:FORMATTED              ACCESS:SEQUENTIAL          
 ACTION:READ                

 NAMEFILE OPTIONS:
    FLOWS WILL BE SAVED TO BUDGET FILE SPECIFIED IN OUTPUT CONTROL
    NEWTON-RAPHSON method enabled for the model.
    NEWTON-RAPHSON UNDER-RELAXATION based on the bottom elevation of the model will be applied to the model.

 DISV -- VERTEX GRID DISCRETIZATION PACKAGE, VERSION 1 : 12/23/2015 - INPUT READ FROM UNIT 1005


 # File generated by Flopy version 3.3.5 on 05/24/2022 at 12:39:41.

 PROCESSING DISCRETIZATION OPTIONS
   MODEL LENGTH UNIT IS UNDEFINED
 END OF DISCRETIZATION OPTIONS

 PROCESSING DISCRETIZATION DIMENSIONS
   NLAY = 5
   NCPL = 14193
   NVERT = 28365
 END OF DISCRETIZATION DIMENSIONS

 PROCESSING GRIDDATA
 END PROCESSING GRIDDATA

 PROCESSING VERTICES
   SUCCESSFULLY READ 28365 (X,Y) COORDINATES
   MINIMUM X COORDINATE =     613882.507000000    
   MAXIMUM X COORDINATE =     635562.672000000    
   MINIMUM Y COORDINATE =     8348920.07000000    
   MAXIMUM Y COORDINATE =     8375404.95000000    
 END PROCESSING VERTICES

 PROCESSING CELL2D
   SUCCESSFULLY READ 14193 CELL2D INFORMATION ENTRIES
   MINIMUM X CELL CENTER =     614037.693000000    
   MAXIMUM X CELL CENTER =     635250.405000000    
   MINIMUM Y CELL CENTER =     8349072.59000000    
   MAXIMUM Y CELL CENTER =     8375048.29000000    
   MAXIMUM NUMBER OF CELL2D VERTICES IS 13 FOR CELL 1624
 END PROCESSING VERTICES

 NPF -- NODE PROPERTY FLOW PACKAGE, VERSION 1, 3/30/2015 INPUT READ FROM UNIT 1007


 # File generated by Flopy version 3.3.5 on 05/24/2022 at 12:39:43.
 PROCESSING NPF OPTIONS
    SPECIFIC DISCHARGE WILL BE CALCULATED AT CELL CENTERS AND WRITTEN TO DATA-SPDIS IN BUDGET FILE WHEN REQUESTED.
 END OF NPF OPTIONS

 DRN   -- DRN PACKAGE, VERSION 8, 2/22/2014 INPUT READ FROM UNIT 1010
 # File generated by Flopy version 3.3.5 on 05/24/2022 at 12:39:43.

 PROCESSING DRN OPTIONS
 END OF DRN OPTIONS

 PROCESSING DRN DIMENSIONS
    MAXBOUND =    3437
 END OF DRN DIMENSIONS

 RCH   -- RCH PACKAGE, VERSION 8, 2/22/2014 INPUT READ FROM UNIT 1008
 # File generated by Flopy version 3.3.5 on 05/24/2022 at 12:39:43.

 PROCESSING RCH OPTIONS
    RECHARGE INPUT WILL BE READ AS ARRAY(S).
 END OF RCHA OPTIONS

 EVT   -- EVT PACKAGE, VERSION 8, 2/22/2014 INPUT READ FROM UNIT 1009
 # File generated by Flopy version 3.3.5 on 05/24/2022 at 12:39:43.

 PROCESSING EVT OPTIONS
    EVAPOTRANSPIRATION INPUT WILL BE READ AS ARRAYS.
 END OF EVTA OPTIONS

 IC -- INITIAL CONDITIONS PACKAGE, VERSION 8, 3/28/2015 INPUT READ FROM UNIT 1006
 # File generated by Flopy version 3.3.5 on 05/24/2022 at 12:39:43.
 PROCESSING GRIDDATA
 END PROCESSING GRIDDATA
 PROCESSING GRIDDATA

                ICELLTYPE = 1 FOR LAYER 1

                ICELLTYPE = 1 FOR LAYER 2

                ICELLTYPE = 0 FOR LAYER 3

                ICELLTYPE = 0 FOR LAYER 4

                ICELLTYPE = 0 FOR LAYER 5

                        K =  0.4000000E-03 FOR LAYER 1

                        K =  0.5000000E-05 FOR LAYER 2

                        K =  0.1000000E-05 FOR LAYER 3

                        K =  0.9000000E-06 FOR LAYER 4

                        K =  0.5000000E-06 FOR LAYER 5
 K33 not provided.  Assuming K33 = K.
 K22 not provided.  Assuming K22 = K.
 END PROCESSING GRIDDATA
    BINARY GRID INFORMATION WILL BE WRITTEN TO:
      UNIT NUMBER: 1013
      FILE NAME: D:\Proyectos_GitHub\dev_mode\examples\out\angascancha\model\regional_model.disv.grb

 OPENED D:\Proyectos_GitHub\dev_mode\examples\out\angascancha\model\regional_model.disv.grb
 FILE TYPE:DATA(BINARY)   UNIT 1013   STATUS:REPLACE             
 FORMAT:UNFORMATTED            ACCESS:STREAM              
 ACTION:READWRITE           

      THE LAST TIME STEP WILL BE PRINTED
      THE LAST TIME STEP WILL BE PRINTED
 # File generated by Flopy version 3.3.5 on 05/24/2022 at 12:39:44.

 PROCESSING OC OPTIONS

    BUDGET INFORMATION WILL BE WRITTEN TO:
      UNIT NUMBER: 1014
      FILE NAME: regional_model.cbc

 OPENED regional_model.cbc
 FILE TYPE:DATA(BINARY)   UNIT 1014   STATUS:REPLACE             
 FORMAT:UNFORMATTED            ACCESS:STREAM              
 ACTION:READWRITE           

    HEAD INFORMATION WILL BE WRITTEN TO:
      UNIT NUMBER: 1015
      FILE NAME: regional_model.hds

 OPENED regional_model.hds
 FILE TYPE:DATA(BINARY)   UNIT 1015   STATUS:REPLACE             
 FORMAT:UNFORMATTED            ACCESS:STREAM              
 ACTION:READWRITE           

 END OF OC OPTIONS

start timestep kper="1" kstp="1" mode="normal"


 BEGIN READING OUTPUT CONTROL FOR STRESS PERIOD 1
      ALL TIME STEPS WILL BE SAVED
      ALL TIME STEPS WILL BE SAVED

 END READING OUTPUT CONTROL FOR STRESS PERIOD 1

                 RECHARGE =  0.4756469E-08

      LAYER OR NODE INDEX = 2

  EVAPOTRANSPIRATION RATE =  0.3805175E-07

         EXTINCTION DEPTH =   1.000000    
 UBDSV1 SAVING     FLOW-JA-FACE ON UNIT   1014 AT TIME STEP      1, STRESS PERIOD      1
 UBDSV06 SAVING       DATA-SPDIS IN MODEL REGIONAL_MODEL   PACKAGE NPF             CONNECTED TO MODEL REGIONAL_MODEL   PACKAGE NPF              ON UNIT   1014 AT TIME STEP      1, STRESS PERIOD      1
 UBDSV06 SAVING              DRN IN MODEL REGIONAL_MODEL   PACKAGE REGIONAL_MODEL  CONNECTED TO MODEL REGIONAL_MODEL   PACKAGE DRN_0            ON UNIT   1014 AT TIME STEP      1, STRESS PERIOD      1
 UBDSV06 SAVING             RCHA IN MODEL REGIONAL_MODEL   PACKAGE REGIONAL_MODEL  CONNECTED TO MODEL REGIONAL_MODEL   PACKAGE RCHA_0           ON UNIT   1014 AT TIME STEP      1, STRESS PERIOD      1
 UBDSV06 SAVING            EVTA  IN MODEL REGIONAL_MODEL   PACKAGE REGIONAL_MODEL  CONNECTED TO MODEL REGIONAL_MODEL   PACKAGE EVTA_0           ON UNIT   1014 AT TIME STEP      1, STRESS PERIOD      1

 HEAD WILL BE SAVED ON UNIT 1015 AT END OF TIME STEP    1, STRESS PERIOD    1


  VOLUME BUDGET FOR ENTIRE MODEL AT END OF TIME STEP    1, STRESS PERIOD   1
  ---------------------------------------------------------------------------------------------------

     CUMULATIVE VOLUME      L**3       RATES FOR THIS TIME STEP      L**3/T          PACKAGE NAME    
     ------------------                 ------------------------                     ----------------

           IN:                                      IN:
           ---                                      ---
                 DRN =           0.0000                   DRN =           0.0000     DRN_0                            
                RCHA =           1.2170                  RCHA =           1.2170     RCHA_0                           
                EVTA =           0.0000                  EVTA =           0.0000     EVTA_0                           

            TOTAL IN =           1.2170              TOTAL IN =           1.2170

          OUT:                                     OUT:
          ----                                     ----
                 DRN =           1.0289                   DRN =           1.0289     DRN_0                            
                RCHA =           0.0000                  RCHA =           0.0000     RCHA_0                           
                EVTA =           0.1959                  EVTA =           0.1959     EVTA_0                           

           TOTAL OUT =           1.2248             TOTAL OUT =           1.2248

            IN - OUT =      -7.8346E-03              IN - OUT =      -7.8346E-03

 PERCENT DISCREPANCY =          -0.64     PERCENT DISCREPANCY =          -0.64




         TIME SUMMARY AT END OF TIME STEP    1 IN STRESS PERIOD    1
                    SECONDS     MINUTES      HOURS       DAYS        YEARS
                    -----------------------------------------------------------
   TIME STEP LENGTH  1.0000     1.66667E-02 2.77778E-04 1.15741E-05 3.16881E-08
 STRESS PERIOD TIME  1.0000     1.66667E-02 2.77778E-04 1.15741E-05 3.16881E-08
         TOTAL TIME  1.0000     1.66667E-02 2.77778E-04 1.15741E-05 3.16881E-08


         ****FAILED TO MEET SOLVER CONVERGENCE CRITERIA IN TIME STEP 1 OF STRESS PERIOD 1****

end timestep

